<?xml version="1.0" encoding="UTF-8"?>
<!-- Generated by org.testng.reporters.JUnitReportReporter -->
<testsuite hostname="DESKTOP-P1BHIPQ" failures="0" tests="1" name="qaclickacademy.Mavenjava.SeleniumTest" time="0.016" errors="0" timestamp="2020-09-22T23:45:18 AEST" skipped="0">
  <testcase classname="qaclickacademy.Mavenjava.SeleniumTest" name="browserAutomation" time="0.016"/>
  <system-out/>
</testsuite> <!-- qaclickacademy.Mavenjava.SeleniumTest -->
