<?xml version="1.0" encoding="UTF-8"?>
<!-- Generated by org.testng.reporters.JUnitReportReporter -->
<testsuite hostname="DESKTOP-P1BHIPQ" failures="0" tests="2" name="qaclickacademy.Mavenjava.AppiumTest" time="0.002" errors="0" timestamp="2020-09-23T01:57:11 AEST" skipped="0">
  <testcase classname="qaclickacademy.Mavenjava.AppiumTest" name="deleteAppiumAutomation" time="0.001"/>
  <system-out/>
  <testcase classname="qaclickacademy.Mavenjava.AppiumTest" name="AppiumAutomation" time="0.001"/>
  <system-out/>
</testsuite> <!-- qaclickacademy.Mavenjava.AppiumTest -->
